This file contains any messages produced by compilers while
running configure, to aid debugging if configure makes a mistake.

It was created by Atari800 configure 3.1.0, which was
generated by GNU Autoconf 2.68.  Invocation command line was

  $ ./configure --target=android --disable-monitorbreak --enable-pagedattrib --enable-seriosound --disable-crashmenu --disable-monitorasm --disable-monitorhints --without-readline --enable-clipsound

## --------- ##
## Platform. ##
## --------- ##

hostname = LenovoX220
uname -m = i686
uname -r = 1.0.19(0.48/3/2)
uname -s = MINGW32_NT-6.2
uname -v = 2016-07-13 17:45

/usr/bin/uname -p = unknown
/bin/uname -X     = unknown

/bin/arch              = unknown
/usr/bin/arch -k       = unknown
/usr/convex/getsysinfo = unknown
/usr/bin/hostinfo      = unknown
/bin/machine           = unknown
/usr/bin/oslevel       = unknown
/bin/universe          = unknown

PATH: .
PATH: /usr/local/bin
PATH: /mingw/bin
PATH: /bin
PATH: /c/ProgramData/Oracle/Java/javapath
PATH: /c/WINDOWS/SYSTEM32
PATH: /c/WINDOWS
PATH: /c/WINDOWS/SYSTEM32/WBEM
PATH: /c/WINDOWS/SYSTEM32/WINDOWSPOWERSHELL/V1.0/
PATH: /c/PROGRAM FILES (X86)/INTEL/OPENCL SDK/2.0/BIN/X86
PATH: /c/PROGRAM FILES (X86)/INTEL/OPENCL SDK/2.0/BIN/X64
PATH: /c/PROGRAM FILES (X86)/LENOVO/ACCESS CONNECTIONS/
PATH: /c/Program Files/ThinkPad/Bluetooth Software/
PATH: /c/Program Files/ThinkPad/Bluetooth Software/syswow64
PATH: /c/Program Files (x86)/Common Files/Lenovo
PATH: /c/WINDOWS/system32
PATH: /c/WINDOWS
PATH: /c/WINDOWS/System32/Wbem
PATH: /c/WINDOWS/System32/WindowsPowerShell/v1.0/
PATH: /c/Program Files (x86)/Intel/OpenCL SDK/2.0/bin/x86
PATH: /c/Program Files (x86)/Intel/OpenCL SDK/2.0/bin/x64
PATH: /c/Program Files (x86)/Apache Software Foundation/apache-maven-3.0.5/bin
PATH: /d/programy/brackets/command
PATH: /d/programy/android-ndk-r13b
PATH: /c/Program Files/OpenVPN/bin
PATH: /c/Program Files (x86)/Google/Chrome/Application
PATH: /c/ProgramData/Oracle/Java/javapath
PATH: /c/WINDOWS/SYSTEM32
PATH: /c/WINDOWS
PATH: /c/WINDOWS/SYSTEM32/WBEM
PATH: /c/WINDOWS/SYSTEM32/WINDOWSPOWERSHELL/V1.0/
PATH: /c/PROGRAM FILES (X86)/INTEL/OPENCL SDK/2.0/BIN/X86
PATH: /c/PROGRAM FILES (X86)/INTEL/OPENCL SDK/2.0/BIN/X64
PATH: /c/PROGRAM FILES (X86)/LENOVO/ACCESS CONNECTIONS/
PATH: /c/Program Files/ThinkPad/Bluetooth Software/
PATH: /c/Program Files/ThinkPad/Bluetooth Software/syswow64
PATH: /c/Program Files (x86)/Common Files/Lenovo
PATH: /c/WINDOWS/system32
PATH: /c/WINDOWS/System32/Wbem
PATH: /c/WINDOWS/System32/WindowsPowerShell/v1.0/
PATH: /c/Program Files (x86)/Intel/OpenCL SDK/2.0/bin/x86
PATH: /c/Program Files (x86)/Intel/OpenCL SDK/2.0/bin/x64
PATH: /c/Program Files (x86)/Apache Software Foundation/apache-maven-3.0.5/bin
PATH: /c/Users/galu/AppData/Local/Programs/Git/cmd
PATH: /c/Users/galu/AppData/Local/Microsoft/WindowsApps
PATH: /c/Users/galu/AppData/Local/Pandoc/


## ----------- ##
## Core tests. ##
## ----------- ##

configure:2352: checking build system type
configure:2366: result: i686-pc-mingw32
configure:2390: checking host system type
configure:2403: result: i686-pc-mingw32
configure:2586: checking for gcc
configure:2613: result: /d/android/ndkstandalone/android-ndk-r15c/toolchains/arm-linux-androideabi-4.9/prebuilt/windows-x86_64/bin/arm-linux-androideabi-gcc
configure:2842: checking for C compiler version
configure:2851: /d/android/ndkstandalone/android-ndk-r15c/toolchains/arm-linux-androideabi-4.9/prebuilt/windows-x86_64/bin/arm-linux-androideabi-gcc --version >&5
arm-linux-androideabi-gcc.exe (GCC) 4.9.x 20150123 (prerelease)
Copyright (C) 2014 Free Software Foundation, Inc.
This is free software; see the source for copying conditions.  There is NO
warranty; not even for MERCHANTABILITY or FITNESS FOR A PARTICULAR PURPOSE.

configure:2862: $? = 0
configure:2851: /d/android/ndkstandalone/android-ndk-r15c/toolchains/arm-linux-androideabi-4.9/prebuilt/windows-x86_64/bin/arm-linux-androideabi-gcc -v >&5
Using built-in specs.
COLLECT_GCC=d:\android\ndkstandalone\android-ndk-r15c\toolchains\arm-linux-androideabi-4.9\prebuilt\windows-x86_64\bin\arm-linux-androideabi-gcc.exe
COLLECT_LTO_WRAPPER=d:/android/ndkstandalone/android-ndk-r15c/toolchains/arm-linux-androideabi-4.9/prebuilt/windows-x86_64/bin/../libexec/gcc/arm-linux-androideabi/4.9.x/lto-wrapper.exe
Target: arm-linux-androideabi
Configured with: /usr/local/google/buildbot/src/android/gcc/toolchain/build/../gcc/gcc-4.9/configure --prefix=/tmp/54f254f8bb7b48dd787052921220a87d --target=arm-linux-androideabi --host=x86_64-pc-mingw32msvc --build=x86_64-linux-gnu --with-gnu-as --with-gnu-ld --enable-languages=c,c++ --with-gmp=/buildbot/tmp/build/toolchain/temp-install --with-mpfr=/buildbot/tmp/build/toolchain/temp-install --with-mpc=/buildbot/tmp/build/toolchain/temp-install --with-cloog=/buildbot/tmp/build/toolchain/temp-install --with-isl=/buildbot/tmp/build/toolchain/temp-install --with-ppl=/buildbot/tmp/build/toolchain/temp-install --disable-ppl-version-check --disable-cloog-version-check --disable-isl-version-check --enable-cloog-backend=isl --with-host-libstdcxx='-static-libgcc -static-libstdc++ -lstdc++ -lm -static' --disable-libssp --enable-threads --disable-nls --disable-libmudflap --disable-libgomp --disable-libstdc__-v3 --disable-sjlj-exceptions --disable-shared --disable-tls --disable-libitm --with-float=soft --with-fpu=vfp --with-arch=armv5te --enable-target-optspace --enable-bionic-libs --enable-libatomic-ifuncs=no --enable-initfini-array --disable-nls --prefix=/tmp/54f254f8bb7b48dd787052921220a87d --with-sysroot=/tmp/54f254f8bb7b48dd787052921220a87d/sysroot --with-binutils-version=2.25 --with-mpfr-version=3.1.1 --with-mpc-version=1.0.1 --with-gmp-version=5.0.5 --with-gcc-version=4.9 --with-gdb-version=none --with-gxx-include-dir=/tmp/54f254f8bb7b48dd787052921220a87d/include/c++/4.9.x --with-bugurl=http://source.android.com/source/report-bugs.html --enable-languages=c,c++ --disable-bootstrap --enable-plugins --enable-libgomp --enable-gnu-indirect-function --disable-libsanitizer --enable-gold --enable-eh-frame-hdr-for-static --enable-graphite=yes --with-isl-version=0.11.1 --with-cloog-version=0.18.0 --with-arch=armv5te --program-transform-name='s&^&arm-linux-androideabi-&' --enable-gold=default
Thread model: posix
gcc version 4.9.x 20150123 (prerelease) (GCC) 
configure:2862: $? = 0
configure:2851: /d/android/ndkstandalone/android-ndk-r15c/toolchains/arm-linux-androideabi-4.9/prebuilt/windows-x86_64/bin/arm-linux-androideabi-gcc -V >&5
arm-linux-androideabi-gcc.exe: error: unrecognized command line option '-V'
arm-linux-androideabi-gcc.exe: fatal error: no input files
compilation terminated.
configure:2862: $? = 1
configure:2851: /d/android/ndkstandalone/android-ndk-r15c/toolchains/arm-linux-androideabi-4.9/prebuilt/windows-x86_64/bin/arm-linux-androideabi-gcc -qversion >&5
arm-linux-androideabi-gcc.exe: error: unrecognized command line option '-qversion'
arm-linux-androideabi-gcc.exe: fatal error: no input files
compilation terminated.
configure:2862: $? = 1
configure:2882: /d/android/ndkstandalone/android-ndk-r15c/toolchains/arm-linux-androideabi-4.9/prebuilt/windows-x86_64/bin/arm-linux-androideabi-gcc -o conftest -O2 -Wall  -Id:/android/ndkstandalone/android-ndk-r15c/platforms/android-9/arch-arm/usr/include/  conftest.c  >&5
d:/android/ndkstandalone/android-ndk-r15c/toolchains/arm-linux-androideabi-4.9/prebuilt/windows-x86_64/bin/../lib/gcc/arm-linux-androideabi/4.9.x/../../../../arm-linux-androideabi/bin/ld.exe: error: cannot open crtbegin_dynamic.o: No such file or directory
d:/android/ndkstandalone/android-ndk-r15c/toolchains/arm-linux-androideabi-4.9/prebuilt/windows-x86_64/bin/../lib/gcc/arm-linux-androideabi/4.9.x/../../../../arm-linux-androideabi/bin/ld.exe: error: cannot open crtend_android.o: No such file or directory
d:/android/ndkstandalone/android-ndk-r15c/toolchains/arm-linux-androideabi-4.9/prebuilt/windows-x86_64/bin/../lib/gcc/arm-linux-androideabi/4.9.x/../../../../arm-linux-androideabi/bin/ld.exe: error: cannot find -lc
d:/android/ndkstandalone/android-ndk-r15c/toolchains/arm-linux-androideabi-4.9/prebuilt/windows-x86_64/bin/../lib/gcc/arm-linux-androideabi/4.9.x/../../../../arm-linux-androideabi/bin/ld.exe: error: cannot find -ldl
collect2.exe: error: ld returned 1 exit status
configure:2886: $? = 1
configure:3099: checking whether we are cross compiling
configure:3137: result: yes
configure:3141: checking for suffix of object files
configure:3163: /d/android/ndkstandalone/android-ndk-r15c/toolchains/arm-linux-androideabi-4.9/prebuilt/windows-x86_64/bin/arm-linux-androideabi-gcc -c -O2 -Wall  -Id:/android/ndkstandalone/android-ndk-r15c/platforms/android-9/arch-arm/usr/include/ conftest.c >&5
configure:3167: $? = 0
configure:3188: result: o
configure:3192: checking whether we are using the GNU C compiler
configure:3211: /d/android/ndkstandalone/android-ndk-r15c/toolchains/arm-linux-androideabi-4.9/prebuilt/windows-x86_64/bin/arm-linux-androideabi-gcc -c -O2 -Wall  -Id:/android/ndkstandalone/android-ndk-r15c/platforms/android-9/arch-arm/usr/include/ conftest.c >&5
configure:3211: $? = 0
configure:3220: result: yes
configure:3229: checking whether /d/android/ndkstandalone/android-ndk-r15c/toolchains/arm-linux-androideabi-4.9/prebuilt/windows-x86_64/bin/arm-linux-androideabi-gcc accepts -g
configure:3249: /d/android/ndkstandalone/android-ndk-r15c/toolchains/arm-linux-androideabi-4.9/prebuilt/windows-x86_64/bin/arm-linux-androideabi-gcc -c -g  -Id:/android/ndkstandalone/android-ndk-r15c/platforms/android-9/arch-arm/usr/include/ conftest.c >&5
configure:3249: $? = 0
configure:3290: result: yes
configure:3307: checking for /d/android/ndkstandalone/android-ndk-r15c/toolchains/arm-linux-androideabi-4.9/prebuilt/windows-x86_64/bin/arm-linux-androideabi-gcc option to accept ISO C89
configure:3371: /d/android/ndkstandalone/android-ndk-r15c/toolchains/arm-linux-androideabi-4.9/prebuilt/windows-x86_64/bin/arm-linux-androideabi-gcc  -c -O2 -Wall  -Id:/android/ndkstandalone/android-ndk-r15c/platforms/android-9/arch-arm/usr/include/ conftest.c >&5
configure:3371: $? = 0
configure:3384: result: none needed
configure:3418: checking for a BSD-compatible install
configure:3486: result: /bin/install -c
configure:4060: checking for grep that handles long lines and -e
configure:4118: result: /bin/grep
configure:4123: checking for egrep
configure:4185: result: /bin/grep -E
configure:4190: checking for ANSI C header files
configure:4210: /d/android/ndkstandalone/android-ndk-r15c/toolchains/arm-linux-androideabi-4.9/prebuilt/windows-x86_64/bin/arm-linux-androideabi-gcc -c -O2 -Wall  -Id:/android/ndkstandalone/android-ndk-r15c/platforms/android-9/arch-arm/usr/include/ conftest.c >&5
configure:4210: $? = 0
configure:4294: result: yes
configure:4302: checking whether time.h and sys/time.h may both be included
configure:4322: /d/android/ndkstandalone/android-ndk-r15c/toolchains/arm-linux-androideabi-4.9/prebuilt/windows-x86_64/bin/arm-linux-androideabi-gcc -c -O2 -Wall  -Id:/android/ndkstandalone/android-ndk-r15c/platforms/android-9/arch-arm/usr/include/ conftest.c >&5
configure:4322: $? = 0
configure:4329: result: yes
configure:4342: checking for sys/types.h
configure:4342: /d/android/ndkstandalone/android-ndk-r15c/toolchains/arm-linux-androideabi-4.9/prebuilt/windows-x86_64/bin/arm-linux-androideabi-gcc -c -O2 -Wall  -Id:/android/ndkstandalone/android-ndk-r15c/platforms/android-9/arch-arm/usr/include/ conftest.c >&5
configure:4342: $? = 0
configure:4342: result: yes
configure:4342: checking for sys/stat.h
configure:4342: /d/android/ndkstandalone/android-ndk-r15c/toolchains/arm-linux-androideabi-4.9/prebuilt/windows-x86_64/bin/arm-linux-androideabi-gcc -c -O2 -Wall  -Id:/android/ndkstandalone/android-ndk-r15c/platforms/android-9/arch-arm/usr/include/ conftest.c >&5
configure:4342: $? = 0
configure:4342: result: yes
configure:4342: checking for stdlib.h
configure:4342: /d/android/ndkstandalone/android-ndk-r15c/toolchains/arm-linux-androideabi-4.9/prebuilt/windows-x86_64/bin/arm-linux-androideabi-gcc -c -O2 -Wall  -Id:/android/ndkstandalone/android-ndk-r15c/platforms/android-9/arch-arm/usr/include/ conftest.c >&5
configure:4342: $? = 0
configure:4342: result: yes
configure:4342: checking for string.h
configure:4342: /d/android/ndkstandalone/android-ndk-r15c/toolchains/arm-linux-androideabi-4.9/prebuilt/windows-x86_64/bin/arm-linux-androideabi-gcc -c -O2 -Wall  -Id:/android/ndkstandalone/android-ndk-r15c/platforms/android-9/arch-arm/usr/include/ conftest.c >&5
configure:4342: $? = 0
configure:4342: result: yes
configure:4342: checking for memory.h
configure:4342: /d/android/ndkstandalone/android-ndk-r15c/toolchains/arm-linux-androideabi-4.9/prebuilt/windows-x86_64/bin/arm-linux-androideabi-gcc -c -O2 -Wall  -Id:/android/ndkstandalone/android-ndk-r15c/platforms/android-9/arch-arm/usr/include/ conftest.c >&5
configure:4342: $? = 0
configure:4342: result: yes
configure:4342: checking for strings.h
configure:4342: /d/android/ndkstandalone/android-ndk-r15c/toolchains/arm-linux-androideabi-4.9/prebuilt/windows-x86_64/bin/arm-linux-androideabi-gcc -c -O2 -Wall  -Id:/android/ndkstandalone/android-ndk-r15c/platforms/android-9/arch-arm/usr/include/ conftest.c >&5
configure:4342: $? = 0
configure:4342: result: yes
configure:4342: checking for inttypes.h
configure:4342: /d/android/ndkstandalone/android-ndk-r15c/toolchains/arm-linux-androideabi-4.9/prebuilt/windows-x86_64/bin/arm-linux-androideabi-gcc -c -O2 -Wall  -Id:/android/ndkstandalone/android-ndk-r15c/platforms/android-9/arch-arm/usr/include/ conftest.c >&5
configure:4342: $? = 0
configure:4342: result: yes
configure:4342: checking for stdint.h
configure:4342: /d/android/ndkstandalone/android-ndk-r15c/toolchains/arm-linux-androideabi-4.9/prebuilt/windows-x86_64/bin/arm-linux-androideabi-gcc -c -O2 -Wall  -Id:/android/ndkstandalone/android-ndk-r15c/platforms/android-9/arch-arm/usr/include/ conftest.c >&5
configure:4342: $? = 0
configure:4342: result: yes
configure:4342: checking for unistd.h
configure:4342: /d/android/ndkstandalone/android-ndk-r15c/toolchains/arm-linux-androideabi-4.9/prebuilt/windows-x86_64/bin/arm-linux-androideabi-gcc -c -O2 -Wall  -Id:/android/ndkstandalone/android-ndk-r15c/platforms/android-9/arch-arm/usr/include/ conftest.c >&5
configure:4342: $? = 0
configure:4342: result: yes
configure:4357: checking direct.h usability
configure:4357: /d/android/ndkstandalone/android-ndk-r15c/toolchains/arm-linux-androideabi-4.9/prebuilt/windows-x86_64/bin/arm-linux-androideabi-gcc -c -O2 -Wall  -Id:/android/ndkstandalone/android-ndk-r15c/platforms/android-9/arch-arm/usr/include/ conftest.c >&5
conftest.c:56:20: fatal error: direct.h: No such file or directory
 #include <direct.h>
                    ^
compilation terminated.
configure:4357: $? = 1
configure: failed program was:
| /* confdefs.h */
| #define PACKAGE_NAME "Atari800"
| #define PACKAGE_TARNAME "atari800"
| #define PACKAGE_VERSION "3.1.0"
| #define PACKAGE_STRING "Atari800 3.1.0"
| #define PACKAGE_BUGREPORT "pstehlik@sophics.cz"
| #define PACKAGE_URL ""
| #define DOS_DRIVES 1
| #define HAVE_GETTIMEOFDAY 1
| #define HAVE_DIRENT_H 1
| #define STDC_HEADERS 1
| #define TIME_WITH_SYS_TIME 1
| #define HAVE_SYS_TYPES_H 1
| #define HAVE_SYS_STAT_H 1
| #define HAVE_STDLIB_H 1
| #define HAVE_STRING_H 1
| #define HAVE_MEMORY_H 1
| #define HAVE_STRINGS_H 1
| #define HAVE_INTTYPES_H 1
| #define HAVE_STDINT_H 1
| #define HAVE_UNISTD_H 1
| /* end confdefs.h.  */
| #include <stdio.h>
| #ifdef HAVE_SYS_TYPES_H
| # include <sys/types.h>
| #endif
| #ifdef HAVE_SYS_STAT_H
| # include <sys/stat.h>
| #endif
| #ifdef STDC_HEADERS
| # include <stdlib.h>
| # include <stddef.h>
| #else
| # ifdef HAVE_STDLIB_H
| #  include <stdlib.h>
| # endif
| #endif
| #ifdef HAVE_STRING_H
| # if !defined STDC_HEADERS && defined HAVE_MEMORY_H
| #  include <memory.h>
| # endif
| # include <string.h>
| #endif
| #ifdef HAVE_STRINGS_H
| # include <strings.h>
| #endif
| #ifdef HAVE_INTTYPES_H
| # include <inttypes.h>
| #endif
| #ifdef HAVE_STDINT_H
| # include <stdint.h>
| #endif
| #ifdef HAVE_UNISTD_H
| # include <unistd.h>
| #endif
| #include <direct.h>
configure:4357: result: no
configure:4357: checking direct.h presence
configure:4357: /d/android/ndkstandalone/android-ndk-r15c/toolchains/arm-linux-androideabi-4.9/prebuilt/windows-x86_64/bin/arm-linux-androideabi-cpp  -Id:/android/ndkstandalone/android-ndk-r15c/platforms/android-9/arch-arm/usr/include/ conftest.c
conftest.c:23:20: fatal error: direct.h: No such file or directory
 #include <direct.h>
                    ^
compilation terminated.
configure:4357: $? = 1
configure: failed program was:
| /* confdefs.h */
| #define PACKAGE_NAME "Atari800"
| #define PACKAGE_TARNAME "atari800"
| #define PACKAGE_VERSION "3.1.0"
| #define PACKAGE_STRING "Atari800 3.1.0"
| #define PACKAGE_BUGREPORT "pstehlik@sophics.cz"
| #define PACKAGE_URL ""
| #define DOS_DRIVES 1
| #define HAVE_GETTIMEOFDAY 1
| #define HAVE_DIRENT_H 1
| #define STDC_HEADERS 1
| #define TIME_WITH_SYS_TIME 1
| #define HAVE_SYS_TYPES_H 1
| #define HAVE_SYS_STAT_H 1
| #define HAVE_STDLIB_H 1
| #define HAVE_STRING_H 1
| #define HAVE_MEMORY_H 1
| #define HAVE_STRINGS_H 1
| #define HAVE_INTTYPES_H 1
| #define HAVE_STDINT_H 1
| #define HAVE_UNISTD_H 1
| /* end confdefs.h.  */
| #include <direct.h>
configure:4357: result: no
configure:4357: checking for direct.h
configure:4357: result: no
configure:4357: checking errno.h usability
configure:4357: /d/android/ndkstandalone/android-ndk-r15c/toolchains/arm-linux-androideabi-4.9/prebuilt/windows-x86_64/bin/arm-linux-androideabi-gcc -c -O2 -Wall  -Id:/android/ndkstandalone/android-ndk-r15c/platforms/android-9/arch-arm/usr/include/ conftest.c >&5
configure:4357: $? = 0
configure:4357: result: yes
configure:4357: checking errno.h presence
configure:4357: /d/android/ndkstandalone/android-ndk-r15c/toolchains/arm-linux-androideabi-4.9/prebuilt/windows-x86_64/bin/arm-linux-androideabi-cpp  -Id:/android/ndkstandalone/android-ndk-r15c/platforms/android-9/arch-arm/usr/include/ conftest.c
configure:4357: $? = 0
configure:4357: result: yes
configure:4357: checking for errno.h
configure:4357: result: yes
configure:4357: checking file.h usability
configure:4357: /d/android/ndkstandalone/android-ndk-r15c/toolchains/arm-linux-androideabi-4.9/prebuilt/windows-x86_64/bin/arm-linux-androideabi-gcc -c -O2 -Wall  -Id:/android/ndkstandalone/android-ndk-r15c/platforms/android-9/arch-arm/usr/include/ conftest.c >&5
conftest.c:57:18: fatal error: file.h: No such file or directory
 #include <file.h>
                  ^
compilation terminated.
configure:4357: $? = 1
configure: failed program was:
| /* confdefs.h */
| #define PACKAGE_NAME "Atari800"
| #define PACKAGE_TARNAME "atari800"
| #define PACKAGE_VERSION "3.1.0"
| #define PACKAGE_STRING "Atari800 3.1.0"
| #define PACKAGE_BUGREPORT "pstehlik@sophics.cz"
| #define PACKAGE_URL ""
| #define DOS_DRIVES 1
| #define HAVE_GETTIMEOFDAY 1
| #define HAVE_DIRENT_H 1
| #define STDC_HEADERS 1
| #define TIME_WITH_SYS_TIME 1
| #define HAVE_SYS_TYPES_H 1
| #define HAVE_SYS_STAT_H 1
| #define HAVE_STDLIB_H 1
| #define HAVE_STRING_H 1
| #define HAVE_MEMORY_H 1
| #define HAVE_STRINGS_H 1
| #define HAVE_INTTYPES_H 1
| #define HAVE_STDINT_H 1
| #define HAVE_UNISTD_H 1
| #define HAVE_ERRNO_H 1
| /* end confdefs.h.  */
| #include <stdio.h>
| #ifdef HAVE_SYS_TYPES_H
| # include <sys/types.h>
| #endif
| #ifdef HAVE_SYS_STAT_H
| # include <sys/stat.h>
| #endif
| #ifdef STDC_HEADERS
| # include <stdlib.h>
| # include <stddef.h>
| #else
| # ifdef HAVE_STDLIB_H
| #  include <stdlib.h>
| # endif
| #endif
| #ifdef HAVE_STRING_H
| # if !defined STDC_HEADERS && defined HAVE_MEMORY_H
| #  include <memory.h>
| # endif
| # include <string.h>
| #endif
| #ifdef HAVE_STRINGS_H
| # include <strings.h>
| #endif
| #ifdef HAVE_INTTYPES_H
| # include <inttypes.h>
| #endif
| #ifdef HAVE_STDINT_H
| # include <stdint.h>
| #endif
| #ifdef HAVE_UNISTD_H
| # include <unistd.h>
| #endif
| #include <file.h>
configure:4357: result: no
configure:4357: checking file.h presence
configure:4357: /d/android/ndkstandalone/android-ndk-r15c/toolchains/arm-linux-androideabi-4.9/prebuilt/windows-x86_64/bin/arm-linux-androideabi-cpp  -Id:/android/ndkstandalone/android-ndk-r15c/platforms/android-9/arch-arm/usr/include/ conftest.c
conftest.c:24:18: fatal error: file.h: No such file or directory
 #include <file.h>
                  ^
compilation terminated.
configure:4357: $? = 1
configure: failed program was:
| /* confdefs.h */
| #define PACKAGE_NAME "Atari800"
| #define PACKAGE_TARNAME "atari800"
| #define PACKAGE_VERSION "3.1.0"
| #define PACKAGE_STRING "Atari800 3.1.0"
| #define PACKAGE_BUGREPORT "pstehlik@sophics.cz"
| #define PACKAGE_URL ""
| #define DOS_DRIVES 1
| #define HAVE_GETTIMEOFDAY 1
| #define HAVE_DIRENT_H 1
| #define STDC_HEADERS 1
| #define TIME_WITH_SYS_TIME 1
| #define HAVE_SYS_TYPES_H 1
| #define HAVE_SYS_STAT_H 1
| #define HAVE_STDLIB_H 1
| #define HAVE_STRING_H 1
| #define HAVE_MEMORY_H 1
| #define HAVE_STRINGS_H 1
| #define HAVE_INTTYPES_H 1
| #define HAVE_STDINT_H 1
| #define HAVE_UNISTD_H 1
| #define HAVE_ERRNO_H 1
| /* end confdefs.h.  */
| #include <file.h>
configure:4357: result: no
configure:4357: checking for file.h
configure:4357: result: no
configure:4357: checking signal.h usability
configure:4357: /d/android/ndkstandalone/android-ndk-r15c/toolchains/arm-linux-androideabi-4.9/prebuilt/windows-x86_64/bin/arm-linux-androideabi-gcc -c -O2 -Wall  -Id:/android/ndkstandalone/android-ndk-r15c/platforms/android-9/arch-arm/usr/include/ conftest.c >&5
configure:4357: $? = 0
configure:4357: result: yes
configure:4357: checking signal.h presence
configure:4357: /d/android/ndkstandalone/android-ndk-r15c/toolchains/arm-linux-androideabi-4.9/prebuilt/windows-x86_64/bin/arm-linux-androideabi-cpp  -Id:/android/ndkstandalone/android-ndk-r15c/platforms/android-9/arch-arm/usr/include/ conftest.c
configure:4357: $? = 0
configure:4357: result: yes
configure:4357: checking for signal.h
configure:4357: result: yes
configure:4357: checking sys/time.h usability
configure:4357: /d/android/ndkstandalone/android-ndk-r15c/toolchains/arm-linux-androideabi-4.9/prebuilt/windows-x86_64/bin/arm-linux-androideabi-gcc -c -O2 -Wall  -Id:/android/ndkstandalone/android-ndk-r15c/platforms/android-9/arch-arm/usr/include/ conftest.c >&5
configure:4357: $? = 0
configure:4357: result: yes
configure:4357: checking sys/time.h presence
configure:4357: /d/android/ndkstandalone/android-ndk-r15c/toolchains/arm-linux-androideabi-4.9/prebuilt/windows-x86_64/bin/arm-linux-androideabi-cpp  -Id:/android/ndkstandalone/android-ndk-r15c/platforms/android-9/arch-arm/usr/include/ conftest.c
configure:4357: $? = 0
configure:4357: result: yes
configure:4357: checking for sys/time.h
configure:4357: result: yes
configure:4357: checking time.h usability
configure:4357: /d/android/ndkstandalone/android-ndk-r15c/toolchains/arm-linux-androideabi-4.9/prebuilt/windows-x86_64/bin/arm-linux-androideabi-gcc -c -O2 -Wall  -Id:/android/ndkstandalone/android-ndk-r15c/platforms/android-9/arch-arm/usr/include/ conftest.c >&5
configure:4357: $? = 0
configure:4357: result: yes
configure:4357: checking time.h presence
configure:4357: /d/android/ndkstandalone/android-ndk-r15c/toolchains/arm-linux-androideabi-4.9/prebuilt/windows-x86_64/bin/arm-linux-androideabi-cpp  -Id:/android/ndkstandalone/android-ndk-r15c/platforms/android-9/arch-arm/usr/include/ conftest.c
configure:4357: $? = 0
configure:4357: result: yes
configure:4357: checking for time.h
configure:4357: result: yes
configure:4357: checking for unistd.h
configure:4357: result: yes
configure:4357: checking unixio.h usability
configure:4357: /d/android/ndkstandalone/android-ndk-r15c/toolchains/arm-linux-androideabi-4.9/prebuilt/windows-x86_64/bin/arm-linux-androideabi-gcc -c -O2 -Wall  -Id:/android/ndkstandalone/android-ndk-r15c/platforms/android-9/arch-arm/usr/include/ conftest.c >&5
conftest.c:61:20: fatal error: unixio.h: No such file or directory
 #include <unixio.h>
                    ^
compilation terminated.
configure:4357: $? = 1
configure: failed program was:
| /* confdefs.h */
| #define PACKAGE_NAME "Atari800"
| #define PACKAGE_TARNAME "atari800"
| #define PACKAGE_VERSION "3.1.0"
| #define PACKAGE_STRING "Atari800 3.1.0"
| #define PACKAGE_BUGREPORT "pstehlik@sophics.cz"
| #define PACKAGE_URL ""
| #define DOS_DRIVES 1
| #define HAVE_GETTIMEOFDAY 1
| #define HAVE_DIRENT_H 1
| #define STDC_HEADERS 1
| #define TIME_WITH_SYS_TIME 1
| #define HAVE_SYS_TYPES_H 1
| #define HAVE_SYS_STAT_H 1
| #define HAVE_STDLIB_H 1
| #define HAVE_STRING_H 1
| #define HAVE_MEMORY_H 1
| #define HAVE_STRINGS_H 1
| #define HAVE_INTTYPES_H 1
| #define HAVE_STDINT_H 1
| #define HAVE_UNISTD_H 1
| #define HAVE_ERRNO_H 1
| #define HAVE_SIGNAL_H 1
| #define HAVE_SYS_TIME_H 1
| #define HAVE_TIME_H 1
| #define HAVE_UNISTD_H 1
| /* end confdefs.h.  */
| #include <stdio.h>
| #ifdef HAVE_SYS_TYPES_H
| # include <sys/types.h>
| #endif
| #ifdef HAVE_SYS_STAT_H
| # include <sys/stat.h>
| #endif
| #ifdef STDC_HEADERS
| # include <stdlib.h>
| # include <stddef.h>
| #else
| # ifdef HAVE_STDLIB_H
| #  include <stdlib.h>
| # endif
| #endif
| #ifdef HAVE_STRING_H
| # if !defined STDC_HEADERS && defined HAVE_MEMORY_H
| #  include <memory.h>
| # endif
| # include <string.h>
| #endif
| #ifdef HAVE_STRINGS_H
| # include <strings.h>
| #endif
| #ifdef HAVE_INTTYPES_H
| # include <inttypes.h>
| #endif
| #ifdef HAVE_STDINT_H
| # include <stdint.h>
| #endif
| #ifdef HAVE_UNISTD_H
| # include <unistd.h>
| #endif
| #include <unixio.h>
configure:4357: result: no
configure:4357: checking unixio.h presence
configure:4357: /d/android/ndkstandalone/android-ndk-r15c/toolchains/arm-linux-androideabi-4.9/prebuilt/windows-x86_64/bin/arm-linux-androideabi-cpp  -Id:/android/ndkstandalone/android-ndk-r15c/platforms/android-9/arch-arm/usr/include/ conftest.c
conftest.c:28:20: fatal error: unixio.h: No such file or directory
 #include <unixio.h>
                    ^
compilation terminated.
configure:4357: $? = 1
configure: failed program was:
| /* confdefs.h */
| #define PACKAGE_NAME "Atari800"
| #define PACKAGE_TARNAME "atari800"
| #define PACKAGE_VERSION "3.1.0"
| #define PACKAGE_STRING "Atari800 3.1.0"
| #define PACKAGE_BUGREPORT "pstehlik@sophics.cz"
| #define PACKAGE_URL ""
| #define DOS_DRIVES 1
| #define HAVE_GETTIMEOFDAY 1
| #define HAVE_DIRENT_H 1
| #define STDC_HEADERS 1
| #define TIME_WITH_SYS_TIME 1
| #define HAVE_SYS_TYPES_H 1
| #define HAVE_SYS_STAT_H 1
| #define HAVE_STDLIB_H 1
| #define HAVE_STRING_H 1
| #define HAVE_MEMORY_H 1
| #define HAVE_STRINGS_H 1
| #define HAVE_INTTYPES_H 1
| #define HAVE_STDINT_H 1
| #define HAVE_UNISTD_H 1
| #define HAVE_ERRNO_H 1
| #define HAVE_SIGNAL_H 1
| #define HAVE_SYS_TIME_H 1
| #define HAVE_TIME_H 1
| #define HAVE_UNISTD_H 1
| /* end confdefs.h.  */
| #include <unixio.h>
configure:4357: result: no
configure:4357: checking for unixio.h
configure:4357: result: no
configure:4371: checking fcntl.h usability
configure:4371: /d/android/ndkstandalone/android-ndk-r15c/toolchains/arm-linux-androideabi-4.9/prebuilt/windows-x86_64/bin/arm-linux-androideabi-gcc -c -O2 -Wall  -Id:/android/ndkstandalone/android-ndk-r15c/platforms/android-9/arch-arm/usr/include/ conftest.c >&5
configure:4371: $? = 0
configure:4371: result: yes
configure:4371: checking fcntl.h presence
configure:4371: /d/android/ndkstandalone/android-ndk-r15c/toolchains/arm-linux-androideabi-4.9/prebuilt/windows-x86_64/bin/arm-linux-androideabi-cpp  -Id:/android/ndkstandalone/android-ndk-r15c/platforms/android-9/arch-arm/usr/include/ conftest.c
configure:4371: $? = 0
configure:4371: result: yes
configure:4371: checking for fcntl.h
configure:4371: result: yes
configure:4371: checking sys/ioctl.h usability
configure:4371: /d/android/ndkstandalone/android-ndk-r15c/toolchains/arm-linux-androideabi-4.9/prebuilt/windows-x86_64/bin/arm-linux-androideabi-gcc -c -O2 -Wall  -Id:/android/ndkstandalone/android-ndk-r15c/platforms/android-9/arch-arm/usr/include/ conftest.c >&5
configure:4371: $? = 0
configure:4371: result: yes
configure:4371: checking sys/ioctl.h presence
configure:4371: /d/android/ndkstandalone/android-ndk-r15c/toolchains/arm-linux-androideabi-4.9/prebuilt/windows-x86_64/bin/arm-linux-androideabi-cpp  -Id:/android/ndkstandalone/android-ndk-r15c/platforms/android-9/arch-arm/usr/include/ conftest.c
configure:4371: $? = 0
configure:4371: result: yes
configure:4371: checking for sys/ioctl.h
configure:4371: result: yes
configure:4371: checking sys/soundcard.h usability
configure:4371: /d/android/ndkstandalone/android-ndk-r15c/toolchains/arm-linux-androideabi-4.9/prebuilt/windows-x86_64/bin/arm-linux-androideabi-gcc -c -O2 -Wall  -Id:/android/ndkstandalone/android-ndk-r15c/platforms/android-9/arch-arm/usr/include/ conftest.c >&5
conftest.c:63:27: fatal error: sys/soundcard.h: No such file or directory
 #include <sys/soundcard.h>
                           ^
compilation terminated.
configure:4371: $? = 1
configure: failed program was:
| /* confdefs.h */
| #define PACKAGE_NAME "Atari800"
| #define PACKAGE_TARNAME "atari800"
| #define PACKAGE_VERSION "3.1.0"
| #define PACKAGE_STRING "Atari800 3.1.0"
| #define PACKAGE_BUGREPORT "pstehlik@sophics.cz"
| #define PACKAGE_URL ""
| #define DOS_DRIVES 1
| #define HAVE_GETTIMEOFDAY 1
| #define HAVE_DIRENT_H 1
| #define STDC_HEADERS 1
| #define TIME_WITH_SYS_TIME 1
| #define HAVE_SYS_TYPES_H 1
| #define HAVE_SYS_STAT_H 1
| #define HAVE_STDLIB_H 1
| #define HAVE_STRING_H 1
| #define HAVE_MEMORY_H 1
| #define HAVE_STRINGS_H 1
| #define HAVE_INTTYPES_H 1
| #define HAVE_STDINT_H 1
| #define HAVE_UNISTD_H 1
| #define HAVE_ERRNO_H 1
| #define HAVE_SIGNAL_H 1
| #define HAVE_SYS_TIME_H 1
| #define HAVE_TIME_H 1
| #define HAVE_UNISTD_H 1
| #define HAVE_FCNTL_H 1
| #define HAVE_SYS_IOCTL_H 1
| /* end confdefs.h.  */
| #include <stdio.h>
| #ifdef HAVE_SYS_TYPES_H
| # include <sys/types.h>
| #endif
| #ifdef HAVE_SYS_STAT_H
| # include <sys/stat.h>
| #endif
| #ifdef STDC_HEADERS
| # include <stdlib.h>
| # include <stddef.h>
| #else
| # ifdef HAVE_STDLIB_H
| #  include <stdlib.h>
| # endif
| #endif
| #ifdef HAVE_STRING_H
| # if !defined STDC_HEADERS && defined HAVE_MEMORY_H
| #  include <memory.h>
| # endif
| # include <string.h>
| #endif
| #ifdef HAVE_STRINGS_H
| # include <strings.h>
| #endif
| #ifdef HAVE_INTTYPES_H
| # include <inttypes.h>
| #endif
| #ifdef HAVE_STDINT_H
| # include <stdint.h>
| #endif
| #ifdef HAVE_UNISTD_H
| # include <unistd.h>
| #endif
| #include <sys/soundcard.h>
configure:4371: result: no
configure:4371: checking sys/soundcard.h presence
configure:4371: /d/android/ndkstandalone/android-ndk-r15c/toolchains/arm-linux-androideabi-4.9/prebuilt/windows-x86_64/bin/arm-linux-androideabi-cpp  -Id:/android/ndkstandalone/android-ndk-r15c/platforms/android-9/arch-arm/usr/include/ conftest.c
conftest.c:30:27: fatal error: sys/soundcard.h: No such file or directory
 #include <sys/soundcard.h>
                           ^
compilation terminated.
configure:4371: $? = 1
configure: failed program was:
| /* confdefs.h */
| #define PACKAGE_NAME "Atari800"
| #define PACKAGE_TARNAME "atari800"
| #define PACKAGE_VERSION "3.1.0"
| #define PACKAGE_STRING "Atari800 3.1.0"
| #define PACKAGE_BUGREPORT "pstehlik@sophics.cz"
| #define PACKAGE_URL ""
| #define DOS_DRIVES 1
| #define HAVE_GETTIMEOFDAY 1
| #define HAVE_DIRENT_H 1
| #define STDC_HEADERS 1
| #define TIME_WITH_SYS_TIME 1
| #define HAVE_SYS_TYPES_H 1
| #define HAVE_SYS_STAT_H 1
| #define HAVE_STDLIB_H 1
| #define HAVE_STRING_H 1
| #define HAVE_MEMORY_H 1
| #define HAVE_STRINGS_H 1
| #define HAVE_INTTYPES_H 1
| #define HAVE_STDINT_H 1
| #define HAVE_UNISTD_H 1
| #define HAVE_ERRNO_H 1
| #define HAVE_SIGNAL_H 1
| #define HAVE_SYS_TIME_H 1
| #define HAVE_TIME_H 1
| #define HAVE_UNISTD_H 1
| #define HAVE_FCNTL_H 1
| #define HAVE_SYS_IOCTL_H 1
| /* end confdefs.h.  */
| #include <sys/soundcard.h>
configure:4371: result: no
configure:4371: checking for sys/soundcard.h
configure:4371: result: no
configure:4388: checking windows.h usability
configure:4388: /d/android/ndkstandalone/android-ndk-r15c/toolchains/arm-linux-androideabi-4.9/prebuilt/windows-x86_64/bin/arm-linux-androideabi-gcc -c -O2 -Wall  -Id:/android/ndkstandalone/android-ndk-r15c/platforms/android-9/arch-arm/usr/include/ conftest.c >&5
conftest.c:63:21: fatal error: windows.h: No such file or directory
 #include <windows.h>
                     ^
compilation terminated.
configure:4388: $? = 1
configure: failed program was:
| /* confdefs.h */
| #define PACKAGE_NAME "Atari800"
| #define PACKAGE_TARNAME "atari800"
| #define PACKAGE_VERSION "3.1.0"
| #define PACKAGE_STRING "Atari800 3.1.0"
| #define PACKAGE_BUGREPORT "pstehlik@sophics.cz"
| #define PACKAGE_URL ""
| #define DOS_DRIVES 1
| #define HAVE_GETTIMEOFDAY 1
| #define HAVE_DIRENT_H 1
| #define STDC_HEADERS 1
| #define TIME_WITH_SYS_TIME 1
| #define HAVE_SYS_TYPES_H 1
| #define HAVE_SYS_STAT_H 1
| #define HAVE_STDLIB_H 1
| #define HAVE_STRING_H 1
| #define HAVE_MEMORY_H 1
| #define HAVE_STRINGS_H 1
| #define HAVE_INTTYPES_H 1
| #define HAVE_STDINT_H 1
| #define HAVE_UNISTD_H 1
| #define HAVE_ERRNO_H 1
| #define HAVE_SIGNAL_H 1
| #define HAVE_SYS_TIME_H 1
| #define HAVE_TIME_H 1
| #define HAVE_UNISTD_H 1
| #define HAVE_FCNTL_H 1
| #define HAVE_SYS_IOCTL_H 1
| /* end confdefs.h.  */
| #include <stdio.h>
| #ifdef HAVE_SYS_TYPES_H
| # include <sys/types.h>
| #endif
| #ifdef HAVE_SYS_STAT_H
| # include <sys/stat.h>
| #endif
| #ifdef STDC_HEADERS
| # include <stdlib.h>
| # include <stddef.h>
| #else
| # ifdef HAVE_STDLIB_H
| #  include <stdlib.h>
| # endif
| #endif
| #ifdef HAVE_STRING_H
| # if !defined STDC_HEADERS && defined HAVE_MEMORY_H
| #  include <memory.h>
| # endif
| # include <string.h>
| #endif
| #ifdef HAVE_STRINGS_H
| # include <strings.h>
| #endif
| #ifdef HAVE_INTTYPES_H
| # include <inttypes.h>
| #endif
| #ifdef HAVE_STDINT_H
| # include <stdint.h>
| #endif
| #ifdef HAVE_UNISTD_H
| # include <unistd.h>
| #endif
| #include <windows.h>
configure:4388: result: no
configure:4388: checking windows.h presence
configure:4388: /d/android/ndkstandalone/android-ndk-r15c/toolchains/arm-linux-androideabi-4.9/prebuilt/windows-x86_64/bin/arm-linux-androideabi-cpp  -Id:/android/ndkstandalone/android-ndk-r15c/platforms/android-9/arch-arm/usr/include/ conftest.c
conftest.c:30:21: fatal error: windows.h: No such file or directory
 #include <windows.h>
                     ^
compilation terminated.
configure:4388: $? = 1
configure: failed program was:
| /* confdefs.h */
| #define PACKAGE_NAME "Atari800"
| #define PACKAGE_TARNAME "atari800"
| #define PACKAGE_VERSION "3.1.0"
| #define PACKAGE_STRING "Atari800 3.1.0"
| #define PACKAGE_BUGREPORT "pstehlik@sophics.cz"
| #define PACKAGE_URL ""
| #define DOS_DRIVES 1
| #define HAVE_GETTIMEOFDAY 1
| #define HAVE_DIRENT_H 1
| #define STDC_HEADERS 1
| #define TIME_WITH_SYS_TIME 1
| #define HAVE_SYS_TYPES_H 1
| #define HAVE_SYS_STAT_H 1
| #define HAVE_STDLIB_H 1
| #define HAVE_STRING_H 1
| #define HAVE_MEMORY_H 1
| #define HAVE_STRINGS_H 1
| #define HAVE_INTTYPES_H 1
| #define HAVE_STDINT_H 1
| #define HAVE_UNISTD_H 1
| #define HAVE_ERRNO_H 1
| #define HAVE_SIGNAL_H 1
| #define HAVE_SYS_TIME_H 1
| #define HAVE_TIME_H 1
| #define HAVE_UNISTD_H 1
| #define HAVE_FCNTL_H 1
| #define HAVE_SYS_IOCTL_H 1
| /* end confdefs.h.  */
| #include <windows.h>
configure:4388: result: no
configure:4388: checking for windows.h
configure:4388: result: no
configure:4388: checking winsock2.h usability
configure:4388: /d/android/ndkstandalone/android-ndk-r15c/toolchains/arm-linux-androideabi-4.9/prebuilt/windows-x86_64/bin/arm-linux-androideabi-gcc -c -O2 -Wall  -Id:/android/ndkstandalone/android-ndk-r15c/platforms/android-9/arch-arm/usr/include/ conftest.c >&5
conftest.c:63:22: fatal error: winsock2.h: No such file or directory
 #include <winsock2.h>
                      ^
compilation terminated.
configure:4388: $? = 1
configure: failed program was:
| /* confdefs.h */
| #define PACKAGE_NAME "Atari800"
| #define PACKAGE_TARNAME "atari800"
| #define PACKAGE_VERSION "3.1.0"
| #define PACKAGE_STRING "Atari800 3.1.0"
| #define PACKAGE_BUGREPORT "pstehlik@sophics.cz"
| #define PACKAGE_URL ""
| #define DOS_DRIVES 1
| #define HAVE_GETTIMEOFDAY 1
| #define HAVE_DIRENT_H 1
| #define STDC_HEADERS 1
| #define TIME_WITH_SYS_TIME 1
| #define HAVE_SYS_TYPES_H 1
| #define HAVE_SYS_STAT_H 1
| #define HAVE_STDLIB_H 1
| #define HAVE_STRING_H 1
| #define HAVE_MEMORY_H 1
| #define HAVE_STRINGS_H 1
| #define HAVE_INTTYPES_H 1
| #define HAVE_STDINT_H 1
| #define HAVE_UNISTD_H 1
| #define HAVE_ERRNO_H 1
| #define HAVE_SIGNAL_H 1
| #define HAVE_SYS_TIME_H 1
| #define HAVE_TIME_H 1
| #define HAVE_UNISTD_H 1
| #define HAVE_FCNTL_H 1
| #define HAVE_SYS_IOCTL_H 1
| /* end confdefs.h.  */
| #include <stdio.h>
| #ifdef HAVE_SYS_TYPES_H
| # include <sys/types.h>
| #endif
| #ifdef HAVE_SYS_STAT_H
| # include <sys/stat.h>
| #endif
| #ifdef STDC_HEADERS
| # include <stdlib.h>
| # include <stddef.h>
| #else
| # ifdef HAVE_STDLIB_H
| #  include <stdlib.h>
| # endif
| #endif
| #ifdef HAVE_STRING_H
| # if !defined STDC_HEADERS && defined HAVE_MEMORY_H
| #  include <memory.h>
| # endif
| # include <string.h>
| #endif
| #ifdef HAVE_STRINGS_H
| # include <strings.h>
| #endif
| #ifdef HAVE_INTTYPES_H
| # include <inttypes.h>
| #endif
| #ifdef HAVE_STDINT_H
| # include <stdint.h>
| #endif
| #ifdef HAVE_UNISTD_H
| # include <unistd.h>
| #endif
| #include <winsock2.h>
configure:4388: result: no
configure:4388: checking winsock2.h presence
configure:4388: /d/android/ndkstandalone/android-ndk-r15c/toolchains/arm-linux-androideabi-4.9/prebuilt/windows-x86_64/bin/arm-linux-androideabi-cpp  -Id:/android/ndkstandalone/android-ndk-r15c/platforms/android-9/arch-arm/usr/include/ conftest.c
conftest.c:30:22: fatal error: winsock2.h: No such file or directory
 #include <winsock2.h>
                      ^
compilation terminated.
configure:4388: $? = 1
configure: failed program was:
| /* confdefs.h */
| #define PACKAGE_NAME "Atari800"
| #define PACKAGE_TARNAME "atari800"
| #define PACKAGE_VERSION "3.1.0"
| #define PACKAGE_STRING "Atari800 3.1.0"
| #define PACKAGE_BUGREPORT "pstehlik@sophics.cz"
| #define PACKAGE_URL ""
| #define DOS_DRIVES 1
| #define HAVE_GETTIMEOFDAY 1
| #define HAVE_DIRENT_H 1
| #define STDC_HEADERS 1
| #define TIME_WITH_SYS_TIME 1
| #define HAVE_SYS_TYPES_H 1
| #define HAVE_SYS_STAT_H 1
| #define HAVE_STDLIB_H 1
| #define HAVE_STRING_H 1
| #define HAVE_MEMORY_H 1
| #define HAVE_STRINGS_H 1
| #define HAVE_INTTYPES_H 1
| #define HAVE_STDINT_H 1
| #define HAVE_UNISTD_H 1
| #define HAVE_ERRNO_H 1
| #define HAVE_SIGNAL_H 1
| #define HAVE_SYS_TIME_H 1
| #define HAVE_TIME_H 1
| #define HAVE_UNISTD_H 1
| #define HAVE_FCNTL_H 1
| #define HAVE_SYS_IOCTL_H 1
| /* end confdefs.h.  */
| #include <winsock2.h>
configure:4388: result: no
configure:4388: checking for winsock2.h
configure:4388: result: no
configure:6283: checking whether byte ordering is bigendian
configure:6298: /d/android/ndkstandalone/android-ndk-r15c/toolchains/arm-linux-androideabi-4.9/prebuilt/windows-x86_64/bin/arm-linux-androideabi-gcc -c -O2 -Wall  -Id:/android/ndkstandalone/android-ndk-r15c/platforms/android-9/arch-arm/usr/include/ conftest.c >&5
conftest.c:35:9: error: unknown type name 'not'
         not a universal capable compiler
         ^
conftest.c:35:15: error: expected '=', ',', ';', 'asm' or '__attribute__' before 'universal'
         not a universal capable compiler
               ^
conftest.c:35:15: error: unknown type name 'universal'
configure:6298: $? = 1
configure: failed program was:
| /* confdefs.h */
| #define PACKAGE_NAME "Atari800"
| #define PACKAGE_TARNAME "atari800"
| #define PACKAGE_VERSION "3.1.0"
| #define PACKAGE_STRING "Atari800 3.1.0"
| #define PACKAGE_BUGREPORT "pstehlik@sophics.cz"
| #define PACKAGE_URL ""
| #define DOS_DRIVES 1
| #define HAVE_GETTIMEOFDAY 1
| #define HAVE_DIRENT_H 1
| #define STDC_HEADERS 1
| #define TIME_WITH_SYS_TIME 1
| #define HAVE_SYS_TYPES_H 1
| #define HAVE_SYS_STAT_H 1
| #define HAVE_STDLIB_H 1
| #define HAVE_STRING_H 1
| #define HAVE_MEMORY_H 1
| #define HAVE_STRINGS_H 1
| #define HAVE_INTTYPES_H 1
| #define HAVE_STDINT_H 1
| #define HAVE_UNISTD_H 1
| #define HAVE_ERRNO_H 1
| #define HAVE_SIGNAL_H 1
| #define HAVE_SYS_TIME_H 1
| #define HAVE_TIME_H 1
| #define HAVE_UNISTD_H 1
| #define HAVE_FCNTL_H 1
| #define HAVE_SYS_IOCTL_H 1
| #define HAVE_LIBZ 1
| #define ANDROID 1
| #define SUPPORTS_PLATFORM_PALETTEUPDATE 1
| #define DIRTYRECT 1
| /* end confdefs.h.  */
| #ifndef __APPLE_CC__
| 	       not a universal capable compiler
| 	     #endif
| 	     typedef int dummy;
| 
configure:6343: /d/android/ndkstandalone/android-ndk-r15c/toolchains/arm-linux-androideabi-4.9/prebuilt/windows-x86_64/bin/arm-linux-androideabi-gcc -c -O2 -Wall  -Id:/android/ndkstandalone/android-ndk-r15c/platforms/android-9/arch-arm/usr/include/ conftest.c >&5
conftest.c: In function 'main':
conftest.c:41:8: error: unknown type name 'bogus'
        bogus endian macros
        ^
conftest.c:41:21: error: expected '=', ',', ';', 'asm' or '__attribute__' before 'macros'
        bogus endian macros
                     ^
configure:6343: $? = 1
configure: failed program was:
| /* confdefs.h */
| #define PACKAGE_NAME "Atari800"
| #define PACKAGE_TARNAME "atari800"
| #define PACKAGE_VERSION "3.1.0"
| #define PACKAGE_STRING "Atari800 3.1.0"
| #define PACKAGE_BUGREPORT "pstehlik@sophics.cz"
| #define PACKAGE_URL ""
| #define DOS_DRIVES 1
| #define HAVE_GETTIMEOFDAY 1
| #define HAVE_DIRENT_H 1
| #define STDC_HEADERS 1
| #define TIME_WITH_SYS_TIME 1
| #define HAVE_SYS_TYPES_H 1
| #define HAVE_SYS_STAT_H 1
| #define HAVE_STDLIB_H 1
| #define HAVE_STRING_H 1
| #define HAVE_MEMORY_H 1
| #define HAVE_STRINGS_H 1
| #define HAVE_INTTYPES_H 1
| #define HAVE_STDINT_H 1
| #define HAVE_UNISTD_H 1
| #define HAVE_ERRNO_H 1
| #define HAVE_SIGNAL_H 1
| #define HAVE_SYS_TIME_H 1
| #define HAVE_TIME_H 1
| #define HAVE_UNISTD_H 1
| #define HAVE_FCNTL_H 1
| #define HAVE_SYS_IOCTL_H 1
| #define HAVE_LIBZ 1
| #define ANDROID 1
| #define SUPPORTS_PLATFORM_PALETTEUPDATE 1
| #define DIRTYRECT 1
| /* end confdefs.h.  */
| #include <sys/types.h>
| 	     #include <sys/param.h>
| 
| int
| main ()
| {
| #if ! (defined BYTE_ORDER && defined BIG_ENDIAN 		     && defined LITTLE_ENDIAN && BYTE_ORDER && BIG_ENDIAN 		     && LITTLE_ENDIAN)
| 	      bogus endian macros
| 	     #endif
| 
|   ;
|   return 0;
| }
configure:6387: /d/android/ndkstandalone/android-ndk-r15c/toolchains/arm-linux-androideabi-4.9/prebuilt/windows-x86_64/bin/arm-linux-androideabi-gcc -c -O2 -Wall  -Id:/android/ndkstandalone/android-ndk-r15c/platforms/android-9/arch-arm/usr/include/ conftest.c >&5
conftest.c: In function 'main':
conftest.c:40:8: error: unknown type name 'bogus'
        bogus endian macros
        ^
conftest.c:40:21: error: expected '=', ',', ';', 'asm' or '__attribute__' before 'macros'
        bogus endian macros
                     ^
configure:6387: $? = 1
configure: failed program was:
| /* confdefs.h */
| #define PACKAGE_NAME "Atari800"
| #define PACKAGE_TARNAME "atari800"
| #define PACKAGE_VERSION "3.1.0"
| #define PACKAGE_STRING "Atari800 3.1.0"
| #define PACKAGE_BUGREPORT "pstehlik@sophics.cz"
| #define PACKAGE_URL ""
| #define DOS_DRIVES 1
| #define HAVE_GETTIMEOFDAY 1
| #define HAVE_DIRENT_H 1
| #define STDC_HEADERS 1
| #define TIME_WITH_SYS_TIME 1
| #define HAVE_SYS_TYPES_H 1
| #define HAVE_SYS_STAT_H 1
| #define HAVE_STDLIB_H 1
| #define HAVE_STRING_H 1
| #define HAVE_MEMORY_H 1
| #define HAVE_STRINGS_H 1
| #define HAVE_INTTYPES_H 1
| #define HAVE_STDINT_H 1
| #define HAVE_UNISTD_H 1
| #define HAVE_ERRNO_H 1
| #define HAVE_SIGNAL_H 1
| #define HAVE_SYS_TIME_H 1
| #define HAVE_TIME_H 1
| #define HAVE_UNISTD_H 1
| #define HAVE_FCNTL_H 1
| #define HAVE_SYS_IOCTL_H 1
| #define HAVE_LIBZ 1
| #define ANDROID 1
| #define SUPPORTS_PLATFORM_PALETTEUPDATE 1
| #define DIRTYRECT 1
| /* end confdefs.h.  */
| #include <limits.h>
| 
| int
| main ()
| {
| #if ! (defined _LITTLE_ENDIAN || defined _BIG_ENDIAN)
| 	      bogus endian macros
| 	     #endif
| 
|   ;
|   return 0;
| }
configure:6443: /d/android/ndkstandalone/android-ndk-r15c/toolchains/arm-linux-androideabi-4.9/prebuilt/windows-x86_64/bin/arm-linux-androideabi-gcc -c -O2 -Wall  -Id:/android/ndkstandalone/android-ndk-r15c/platforms/android-9/arch-arm/usr/include/ conftest.c >&5
configure:6443: $? = 0
configure:6489: result: no
configure:6507: checking for an ANSI C-conforming const
configure:6572: /d/android/ndkstandalone/android-ndk-r15c/toolchains/arm-linux-androideabi-4.9/prebuilt/windows-x86_64/bin/arm-linux-androideabi-gcc -c -O2 -Wall  -Id:/android/ndkstandalone/android-ndk-r15c/platforms/android-9/arch-arm/usr/include/ conftest.c >&5
conftest.c: In function 'main':
conftest.c:63:7: warning: 't' is used uninitialized in this function [-Wuninitialized]
     *t++ = 0;
       ^
conftest.c:85:13: warning: 'cs[0]' is used uninitialized in this function [-Wuninitialized]
   return !cs[0] && !zero.x;
             ^
configure:6572: $? = 0
configure:6579: result: yes
configure:6587: checking for inline
configure:6603: /d/android/ndkstandalone/android-ndk-r15c/toolchains/arm-linux-androideabi-4.9/prebuilt/windows-x86_64/bin/arm-linux-androideabi-gcc -c -O2 -Wall  -Id:/android/ndkstandalone/android-ndk-r15c/platforms/android-9/arch-arm/usr/include/ conftest.c >&5
configure:6603: $? = 0
configure:6611: result: inline
configure:6629: checking for working volatile
configure:6648: /d/android/ndkstandalone/android-ndk-r15c/toolchains/arm-linux-androideabi-4.9/prebuilt/windows-x86_64/bin/arm-linux-androideabi-gcc -c -O2 -Wall  -Id:/android/ndkstandalone/android-ndk-r15c/platforms/android-9/arch-arm/usr/include/ conftest.c >&5
configure:6648: $? = 0
configure:6655: result: yes
configure:6664: checking whether /d/android/ndkstandalone/android-ndk-r15c/toolchains/arm-linux-androideabi-4.9/prebuilt/windows-x86_64/bin/arm-linux-androideabi-gcc needs -traditional
configure:6698: result: no
configure:6705: checking whether struct tm is in sys/time.h or time.h
configure:6725: /d/android/ndkstandalone/android-ndk-r15c/toolchains/arm-linux-androideabi-4.9/prebuilt/windows-x86_64/bin/arm-linux-androideabi-gcc -c -O2 -Wall  -Id:/android/ndkstandalone/android-ndk-r15c/platforms/android-9/arch-arm/usr/include/ conftest.c >&5
configure:6725: $? = 0
configure:6732: result: time.h
configure:6740: checking return type of signal handlers
configure:6758: /d/android/ndkstandalone/android-ndk-r15c/toolchains/arm-linux-androideabi-4.9/prebuilt/windows-x86_64/bin/arm-linux-androideabi-gcc -c -O2 -Wall  -Id:/android/ndkstandalone/android-ndk-r15c/platforms/android-9/arch-arm/usr/include/ conftest.c >&5
conftest.c: In function 'main':
conftest.c:40:1: error: void value not ignored as it ought to be
 return *(signal (0, 0)) (0) == 1;
 ^
configure:6758: $? = 1
configure: failed program was:
| /* confdefs.h */
| #define PACKAGE_NAME "Atari800"
| #define PACKAGE_TARNAME "atari800"
| #define PACKAGE_VERSION "3.1.0"
| #define PACKAGE_STRING "Atari800 3.1.0"
| #define PACKAGE_BUGREPORT "pstehlik@sophics.cz"
| #define PACKAGE_URL ""
| #define DOS_DRIVES 1
| #define HAVE_GETTIMEOFDAY 1
| #define HAVE_DIRENT_H 1
| #define STDC_HEADERS 1
| #define TIME_WITH_SYS_TIME 1
| #define HAVE_SYS_TYPES_H 1
| #define HAVE_SYS_STAT_H 1
| #define HAVE_STDLIB_H 1
| #define HAVE_STRING_H 1
| #define HAVE_MEMORY_H 1
| #define HAVE_STRINGS_H 1
| #define HAVE_INTTYPES_H 1
| #define HAVE_STDINT_H 1
| #define HAVE_UNISTD_H 1
| #define HAVE_ERRNO_H 1
| #define HAVE_SIGNAL_H 1
| #define HAVE_SYS_TIME_H 1
| #define HAVE_TIME_H 1
| #define HAVE_UNISTD_H 1
| #define HAVE_FCNTL_H 1
| #define HAVE_SYS_IOCTL_H 1
| #define HAVE_LIBZ 1
| #define ANDROID 1
| #define SUPPORTS_PLATFORM_PALETTEUPDATE 1
| #define DIRTYRECT 1
| /* end confdefs.h.  */
| #include <sys/types.h>
| #include <signal.h>
| 
| int
| main ()
| {
| return *(signal (0, 0)) (0) == 1;
|   ;
|   return 0;
| }
configure:6765: result: void
configure:6773: checking for size_t
configure:6773: /d/android/ndkstandalone/android-ndk-r15c/toolchains/arm-linux-androideabi-4.9/prebuilt/windows-x86_64/bin/arm-linux-androideabi-gcc -c -O2 -Wall  -Id:/android/ndkstandalone/android-ndk-r15c/platforms/android-9/arch-arm/usr/include/ conftest.c >&5
configure:6773: $? = 0
configure:6773: /d/android/ndkstandalone/android-ndk-r15c/toolchains/arm-linux-androideabi-4.9/prebuilt/windows-x86_64/bin/arm-linux-androideabi-gcc -c -O2 -Wall  -Id:/android/ndkstandalone/android-ndk-r15c/platforms/android-9/arch-arm/usr/include/ conftest.c >&5
conftest.c: In function 'main':
conftest.c:71:21: error: expected expression before ')' token
 if (sizeof ((size_t)))
                     ^
configure:6773: $? = 1
configure: failed program was:
| /* confdefs.h */
| #define PACKAGE_NAME "Atari800"
| #define PACKAGE_TARNAME "atari800"
| #define PACKAGE_VERSION "3.1.0"
| #define PACKAGE_STRING "Atari800 3.1.0"
| #define PACKAGE_BUGREPORT "pstehlik@sophics.cz"
| #define PACKAGE_URL ""
| #define DOS_DRIVES 1
| #define HAVE_GETTIMEOFDAY 1
| #define HAVE_DIRENT_H 1
| #define STDC_HEADERS 1
| #define TIME_WITH_SYS_TIME 1
| #define HAVE_SYS_TYPES_H 1
| #define HAVE_SYS_STAT_H 1
| #define HAVE_STDLIB_H 1
| #define HAVE_STRING_H 1
| #define HAVE_MEMORY_H 1
| #define HAVE_STRINGS_H 1
| #define HAVE_INTTYPES_H 1
| #define HAVE_STDINT_H 1
| #define HAVE_UNISTD_H 1
| #define HAVE_ERRNO_H 1
| #define HAVE_SIGNAL_H 1
| #define HAVE_SYS_TIME_H 1
| #define HAVE_TIME_H 1
| #define HAVE_UNISTD_H 1
| #define HAVE_FCNTL_H 1
| #define HAVE_SYS_IOCTL_H 1
| #define HAVE_LIBZ 1
| #define ANDROID 1
| #define SUPPORTS_PLATFORM_PALETTEUPDATE 1
| #define DIRTYRECT 1
| #define RETSIGTYPE void
| /* end confdefs.h.  */
| #include <stdio.h>
| #ifdef HAVE_SYS_TYPES_H
| # include <sys/types.h>
| #endif
| #ifdef HAVE_SYS_STAT_H
| # include <sys/stat.h>
| #endif
| #ifdef STDC_HEADERS
| # include <stdlib.h>
| # include <stddef.h>
| #else
| # ifdef HAVE_STDLIB_H
| #  include <stdlib.h>
| # endif
| #endif
| #ifdef HAVE_STRING_H
| # if !defined STDC_HEADERS && defined HAVE_MEMORY_H
| #  include <memory.h>
| # endif
| # include <string.h>
| #endif
| #ifdef HAVE_STRINGS_H
| # include <strings.h>
| #endif
| #ifdef HAVE_INTTYPES_H
| # include <inttypes.h>
| #endif
| #ifdef HAVE_STDINT_H
| # include <stdint.h>
| #endif
| #ifdef HAVE_UNISTD_H
| # include <unistd.h>
| #endif
| int
| main ()
| {
| if (sizeof ((size_t)))
| 	    return 0;
|   ;
|   return 0;
| }
configure:6773: result: yes
configure:6811: checking for unaligned word access validity
configure:6814: result: skipped because cross-compiling
configure:6874: checking whether closedir returns void
configure:6908: result: yes
configure:6916: checking for working memcmp
configure:6969: result: no
configure:6981: checking sys/select.h usability
configure:6981: /d/android/ndkstandalone/android-ndk-r15c/toolchains/arm-linux-androideabi-4.9/prebuilt/windows-x86_64/bin/arm-linux-androideabi-gcc -c -O2 -Wall  -Id:/android/ndkstandalone/android-ndk-r15c/platforms/android-9/arch-arm/usr/include/ conftest.c >&5
configure:6981: $? = 0
configure:6981: result: yes
configure:6981: checking sys/select.h presence
configure:6981: /d/android/ndkstandalone/android-ndk-r15c/toolchains/arm-linux-androideabi-4.9/prebuilt/windows-x86_64/bin/arm-linux-androideabi-cpp  -Id:/android/ndkstandalone/android-ndk-r15c/platforms/android-9/arch-arm/usr/include/ conftest.c
configure:6981: $? = 0
configure:6981: result: yes
configure:6981: checking for sys/select.h
configure:6981: result: yes
configure:6981: checking sys/socket.h usability
configure:6981: /d/android/ndkstandalone/android-ndk-r15c/toolchains/arm-linux-androideabi-4.9/prebuilt/windows-x86_64/bin/arm-linux-androideabi-gcc -c -O2 -Wall  -Id:/android/ndkstandalone/android-ndk-r15c/platforms/android-9/arch-arm/usr/include/ conftest.c >&5
configure:6981: $? = 0
configure:6981: result: yes
configure:6981: checking sys/socket.h presence
configure:6981: /d/android/ndkstandalone/android-ndk-r15c/toolchains/arm-linux-androideabi-4.9/prebuilt/windows-x86_64/bin/arm-linux-androideabi-cpp  -Id:/android/ndkstandalone/android-ndk-r15c/platforms/android-9/arch-arm/usr/include/ conftest.c
configure:6981: $? = 0
configure:6981: result: yes
configure:6981: checking for sys/socket.h
configure:6981: result: yes
configure:6991: checking types of arguments for select
configure:7019: /d/android/ndkstandalone/android-ndk-r15c/toolchains/arm-linux-androideabi-4.9/prebuilt/windows-x86_64/bin/arm-linux-androideabi-gcc -c -O2 -Wall  -Id:/android/ndkstandalone/android-ndk-r15c/platforms/android-9/arch-arm/usr/include/ conftest.c >&5
configure:7019: $? = 0
configure:7030: result: int,fd_set *,struct timeval *
configure:7053: checking whether lstat correctly handles trailing slash
configure:7096: result: no
configure:7115: checking whether stat accepts an empty string
configure:7145: result: yes
configure:9769: creating ./config.status

## ---------------------- ##
## Running config.status. ##
## ---------------------- ##

This file was extended by Atari800 config.status 3.1.0, which was
generated by GNU Autoconf 2.68.  Invocation command line was

  CONFIG_FILES    = 
  CONFIG_HEADERS  = 
  CONFIG_LINKS    = 
  CONFIG_COMMANDS = 
  $ ./config.status 

on LenovoX220

config.status:913: creating Makefile
config.status:913: creating android/jni/Android.mk
config.status:913: creating config.h

## ---------------- ##
## Cache variables. ##
## ---------------- ##

ac_cv_build=i686-pc-mingw32
ac_cv_c_bigendian=no
ac_cv_c_compiler_gnu=yes
ac_cv_c_const=yes
ac_cv_c_inline=inline
ac_cv_c_volatile=yes
ac_cv_env_CC_set=
ac_cv_env_CC_value=
ac_cv_env_CFLAGS_set=
ac_cv_env_CFLAGS_value=
ac_cv_env_CPPFLAGS_set=
ac_cv_env_CPPFLAGS_value=
ac_cv_env_CPP_set=
ac_cv_env_CPP_value=
ac_cv_env_LDFLAGS_set=
ac_cv_env_LDFLAGS_value=
ac_cv_env_LIBS_set=
ac_cv_env_LIBS_value=
ac_cv_env_XMKMF_set=
ac_cv_env_XMKMF_value=
ac_cv_env_build_alias_set=
ac_cv_env_build_alias_value=
ac_cv_env_host_alias_set=
ac_cv_env_host_alias_value=
ac_cv_env_target_alias_set=set
ac_cv_env_target_alias_value=android
ac_cv_func_closedir_void=yes
ac_cv_func_lstat_dereferences_slashed_symlink=no
ac_cv_func_memcmp_working=no
ac_cv_func_select_args='int,fd_set *,struct timeval *'
ac_cv_func_stat_empty_string_bug=yes
ac_cv_header_direct_h=no
ac_cv_header_errno_h=yes
ac_cv_header_fcntl_h=yes
ac_cv_header_file_h=no
ac_cv_header_inttypes_h=yes
ac_cv_header_memory_h=yes
ac_cv_header_signal_h=yes
ac_cv_header_stdc=yes
ac_cv_header_stdint_h=yes
ac_cv_header_stdlib_h=yes
ac_cv_header_string_h=yes
ac_cv_header_strings_h=yes
ac_cv_header_sys_ioctl_h=yes
ac_cv_header_sys_select_h=yes
ac_cv_header_sys_socket_h=yes
ac_cv_header_sys_soundcard_h=no
ac_cv_header_sys_stat_h=yes
ac_cv_header_sys_time_h=yes
ac_cv_header_sys_types_h=yes
ac_cv_header_time=yes
ac_cv_header_time_h=yes
ac_cv_header_unistd_h=yes
ac_cv_header_unixio_h=no
ac_cv_header_windows_h=no
ac_cv_header_winsock2_h=no
ac_cv_host=i686-pc-mingw32
ac_cv_objext=o
ac_cv_path_EGREP='/bin/grep -E'
ac_cv_path_GREP=/bin/grep
ac_cv_path_install='/bin/install -c'
ac_cv_prog_ac_ct_CC=/d/android/ndkstandalone/android-ndk-r15c/toolchains/arm-linux-androideabi-4.9/prebuilt/windows-x86_64/bin/arm-linux-androideabi-gcc
ac_cv_prog_cc_c89=
ac_cv_prog_cc_g=yes
ac_cv_prog_gcc_traditional=no
ac_cv_struct_tm=time.h
ac_cv_type_signal=void
ac_cv_type_size_t=yes

## ----------------- ##
## Output variables. ##
## ----------------- ##

CC='/d/android/ndkstandalone/android-ndk-r15c/toolchains/arm-linux-androideabi-4.9/prebuilt/windows-x86_64/bin/arm-linux-androideabi-gcc'
CFLAGS='-O2 -Wall'
CONFIGURE_HOST='win'
CONFIGURE_TARGET='android'
CPP='/d/android/ndkstandalone/android-ndk-r15c/toolchains/arm-linux-androideabi-4.9/prebuilt/windows-x86_64/bin/arm-linux-androideabi-cpp'
CPPFLAGS=' -Id:/android/ndkstandalone/android-ndk-r15c/platforms/android-9/arch-arm/usr/include/'
DEFS='-DHAVE_CONFIG_H'
ECHO_C=''
ECHO_N='-n'
ECHO_T=''
EGREP='/bin/grep -E'
EXEEXT=''
GREP='/bin/grep'
INSTALL_DATA='${INSTALL} -m 644'
INSTALL_PROGRAM='${INSTALL}'
INSTALL_SCRIPT='${INSTALL}'
JAVACFLAGS=''
JAVAFLAGS=''
LDFLAGS=''
LIBOBJS=' ${LIBOBJDIR}memcmp$U.o ${LIBOBJDIR}lstat$U.o ${LIBOBJDIR}stat$U.o'
LIBS='-lz '
LTLIBOBJS=' ${LIBOBJDIR}memcmp$U.lo ${LIBOBJDIR}lstat$U.lo ${LIBOBJDIR}stat$U.lo'
OBJEXT='o'
OBJS=' input.o statesav.o ui_basic.o ui.o artifact.o colours.o colours_ntsc.o colours_pal.o colours_external.o screen.o cycle_map.o emuos_altirra.o pbi_mio.o pbi_bb.o pbi_scsi.o pokeysnd.o mzpokeysnd.o remez.o sndsave.o pbi_xld.o voicebox.o votrax.o votraxsnd.o'
PACKAGE_BUGREPORT='pstehlik@sophics.cz'
PACKAGE_NAME='Atari800'
PACKAGE_STRING='Atari800 3.1.0'
PACKAGE_TARNAME='atari800'
PACKAGE_URL=''
PACKAGE_VERSION='3.1.0'
PATH_SEPARATOR=':'
SDL_CFLAGS=''
SDL_CONFIG=''
SDL_LIBS=''
SHELL='/bin/sh'
XMKMF=''
ac_ct_CC='/d/android/ndkstandalone/android-ndk-r15c/toolchains/arm-linux-androideabi-4.9/prebuilt/windows-x86_64/bin/arm-linux-androideabi-gcc'
bindir='${exec_prefix}/bin'
build='i686-pc-mingw32'
build_alias=''
build_cpu='i686'
build_os='mingw32'
build_vendor='pc'
datadir='${datarootdir}'
datarootdir='${prefix}/share'
docdir='${datarootdir}/doc/${PACKAGE_TARNAME}'
dvidir='${docdir}'
exec_prefix='${prefix}'
host='i686-pc-mingw32'
host_alias=''
host_cpu='i686'
host_os='mingw32'
host_vendor='pc'
htmldir='${docdir}'
includedir='${prefix}/include'
infodir='${datarootdir}/info'
libdir='${exec_prefix}/lib'
libexecdir='${exec_prefix}/libexec'
localedir='${datarootdir}/locale'
localstatedir='${prefix}/var'
mandir='${datarootdir}/man'
oldincludedir='/usr/include'
pdfdir='${docdir}'
prefix='/usr/local'
program_transform_name='s,x,x,'
psdir='${docdir}'
sbindir='${exec_prefix}/sbin'
sharedstatedir='${prefix}/com'
sysconfdir='${prefix}/etc'
target_alias='android'

## ----------- ##
## confdefs.h. ##
## ----------- ##

/* confdefs.h */
#define PACKAGE_NAME "Atari800"
#define PACKAGE_TARNAME "atari800"
#define PACKAGE_VERSION "3.1.0"
#define PACKAGE_STRING "Atari800 3.1.0"
#define PACKAGE_BUGREPORT "pstehlik@sophics.cz"
#define PACKAGE_URL ""
#define DOS_DRIVES 1
#define HAVE_GETTIMEOFDAY 1
#define HAVE_DIRENT_H 1
#define STDC_HEADERS 1
#define TIME_WITH_SYS_TIME 1
#define HAVE_SYS_TYPES_H 1
#define HAVE_SYS_STAT_H 1
#define HAVE_STDLIB_H 1
#define HAVE_STRING_H 1
#define HAVE_MEMORY_H 1
#define HAVE_STRINGS_H 1
#define HAVE_INTTYPES_H 1
#define HAVE_STDINT_H 1
#define HAVE_UNISTD_H 1
#define HAVE_ERRNO_H 1
#define HAVE_SIGNAL_H 1
#define HAVE_SYS_TIME_H 1
#define HAVE_TIME_H 1
#define HAVE_UNISTD_H 1
#define HAVE_FCNTL_H 1
#define HAVE_SYS_IOCTL_H 1
#define HAVE_LIBZ 1
#define ANDROID 1
#define SUPPORTS_PLATFORM_PALETTEUPDATE 1
#define DIRTYRECT 1
#define RETSIGTYPE void
#define WORDS_UNALIGNED_OK 1
#define CLOSEDIR_VOID 1
#define HAVE_SYS_SELECT_H 1
#define HAVE_SYS_SOCKET_H 1
#define SELECT_TYPE_ARG1 int
#define SELECT_TYPE_ARG234 (fd_set *)
#define SELECT_TYPE_ARG5 (struct timeval *)
#define HAVE_STAT_EMPTY_STRING_BUG 1
#define HAVE_VPRINTF 1
#define HAVE_ATEXIT 1
#define HAVE_CHMOD 1
#define HAVE_FDOPEN 1
#define HAVE_FFLUSH 1
#define HAVE_FLOOR 1
#define HAVE_FSTAT 1
#define HAVE_GETCWD 1
#define HAVE_GETTIMEOFDAY 1
#define HAVE_LOCALTIME 1
#define HAVE_MEMMOVE 1
#define HAVE_MEMSET 1
#define HAVE_MKSTEMP 1
#define HAVE_MKTEMP 1
#define HAVE_MODF 1
#define HAVE_NANOSLEEP 1
#define HAVE_OPENDIR 1
#define HAVE_RENAME 1
#define HAVE_REWIND 1
#define HAVE_RMDIR 1
#define HAVE_SIGNAL 1
#define HAVE_SNPRINTF 1
#define HAVE_STAT 1
#define HAVE_STRCASECMP 1
#define HAVE_STRCHR 1
#define HAVE_STRDUP 1
#define HAVE_STRERROR 1
#define HAVE_STRRCHR 1
#define HAVE_STRSTR 1
#define HAVE_STRTOL 1
#define HAVE_SYSTEM 1
#define HAVE_TIME 1
#define HAVE_TMPNAM 1
#define HAVE_UCLOCK 1
#define HAVE_UNLINK 1
#define HAVE_VSNPRINTF 1
#define HAVE_MKDIR 1
#define HAVE_SELECT 1
#define HAVE_USLEEP 1
#define HAVE_STRNCPY 1
#define NEW_CYCLE_EXACT 1
#define PAGED_ATTRIB 1
#define EMUOS_ALTIRRA 1
#define MONITOR_ANSI 1
#define MONITOR_UTF8 1
#define PBI_MIO 1
#define PBI_BB 1
#define SOUND 1
#define NONLINEAR_MIXING 1
#define INTERPOLATE_SOUND 1
#define STEREO_SOUND 1
#define VOL_ONLY_SOUND 1
#define CONSOLE_SOUND 1
#define SERIO_SOUND 1
#define CLIP_SOUND 1
#define PBI_XLD 1
#define VOICEBOX 1

configure: exit 0
